<?xml version="1.0" encoding="UTF-8"?>
<testng-results skipped="0" failed="0" ignored="0" total="1" passed="1">
  <reporter-output>
  </reporter-output>
  <suite name="TestHelloWorld" duration-ms="36" started-at="2022-04-20T00:59:07 PKT" finished-at="2022-04-20T00:59:07 PKT">
    <groups>
    </groups>
    <test name="Command line test" duration-ms="36" started-at="2022-04-20T00:59:07 PKT" finished-at="2022-04-20T00:59:07 PKT">
      <class name="TestHelloWorld">
        <test-method status="PASS" signature="testHelloWorld()[pri:0, instance:TestHelloWorld@27c20538]" name="testHelloWorld" duration-ms="2" started-at="2022-04-20T00:59:07 PKT" finished-at="2022-04-20T00:59:07 PKT">
          <reporter-output>
          </reporter-output>
        </test-method> <!-- testHelloWorld -->
      </class> <!-- TestHelloWorld -->
    </test> <!-- Command line test -->
  </suite> <!-- TestHelloWorld -->
</testng-results>
